This is pdfTeX, Version 3.1415926-2.5-1.40.14 (TeX Live 2013/Debian) (format=pdflatex 2016.10.23)  8 JAN 2017 20:47
entering extended mode
 restricted \write18 enabled.
 %&-line parsing enabled.
**tcp.tex
(./tcp.tex
LaTeX2e <2011/06/27>
Babel <3.9h> and hyphenation patterns for 2 languages loaded.
(/usr/share/texlive/texmf-dist/tex/latex/base/book.cls
Document Class: book 2007/10/19 v1.4h Standard LaTeX document class
(/usr/share/texlive/texmf-dist/tex/latex/base/bk11.clo
File: bk11.clo 2007/10/19 v1.4h Standard LaTeX file (size option)
)
\c@part=\count79
\c@chapter=\count80
\c@section=\count81
\c@subsection=\count82
\c@subsubsection=\count83
\c@paragraph=\count84
\c@subparagraph=\count85
\c@figure=\count86
\c@table=\count87
\abovecaptionskip=\skip41
\belowcaptionskip=\skip42
\bibindent=\dimen102
)
(/usr/share/texlive/texmf-dist/tex/generic/babel/babel.sty
Package: babel 2013/12/03 3.9h The Babel package


! Package babel Error: Unknown option `slovene'. Either you misspelled it
(babel)                or the language definition file slovene.ldf was not foun
d.

See the babel package documentation for explanation.
Type  H <return>  for immediate help.
 ...                                              
                                                  
l.296 \ProcessOptions*
                      
Valid options are: shorthands=, KeepShorthandsActive,
activeacute, activegrave, noconfigs, safe=, main=, math=
headfoot=, strings=, config=, hyphenmap=, or a language name.


! Package babel Error: You haven't specified a language option.

See the babel package documentation for explanation.
Type  H <return>  for immediate help.
 ...                                              
                                                  
l.329 ...ry to proceed from here, type x to quit.}
                                                  
You need to specify a language, either as a global option
or as an optional argument to the \usepackage command;
You shouldn't try to proceed from here, type x to quit.

) (/usr/share/texlive/texmf-dist/tex/latex/base/inputenc.sty
Package: inputenc 2008/03/30 v1.1d Input encoding file
\inpenc@prehook=\toks14
\inpenc@posthook=\toks15

(/usr/share/texlive/texmf-dist/tex/latex/base/utf8.def
File: utf8.def 2008/04/05 v1.1m UTF-8 support for inputenc
Now handling font encoding OML ...
... no UTF-8 mapping file for font encoding OML
Now handling font encoding T1 ...
... processing UTF-8 mapping file for font encoding T1

(/usr/share/texlive/texmf-dist/tex/latex/base/t1enc.dfu
File: t1enc.dfu 2008/04/05 v1.1m UTF-8 support for inputenc
   defining Unicode char U+00A1 (decimal 161)
   defining Unicode char U+00A3 (decimal 163)
   defining Unicode char U+00AB (decimal 171)
   defining Unicode char U+00BB (decimal 187)
   defining Unicode char U+00BF (decimal 191)
   defining Unicode char U+00C0 (decimal 192)
   defining Unicode char U+00C1 (decimal 193)
   defining Unicode char U+00C2 (decimal 194)
   defining Unicode char U+00C3 (decimal 195)
   defining Unicode char U+00C4 (decimal 196)
   defining Unicode char U+00C5 (decimal 197)
   defining Unicode char U+00C6 (decimal 198)
   defining Unicode char U+00C7 (decimal 199)
   defining Unicode char U+00C8 (decimal 200)
   defining Unicode char U+00C9 (decimal 201)
   defining Unicode char U+00CA (decimal 202)
   defining Unicode char U+00CB (decimal 203)
   defining Unicode char U+00CC (decimal 204)
   defining Unicode char U+00CD (decimal 205)
   defining Unicode char U+00CE (decimal 206)
   defining Unicode char U+00CF (decimal 207)
   defining Unicode char U+00D0 (decimal 208)
   defining Unicode char U+00D1 (decimal 209)
   defining Unicode char U+00D2 (decimal 210)
   defining Unicode char U+00D3 (decimal 211)
   defining Unicode char U+00D4 (decimal 212)
   defining Unicode char U+00D5 (decimal 213)
   defining Unicode char U+00D6 (decimal 214)
   defining Unicode char U+00D8 (decimal 216)
   defining Unicode char U+00D9 (decimal 217)
   defining Unicode char U+00DA (decimal 218)
   defining Unicode char U+00DB (decimal 219)
   defining Unicode char U+00DC (decimal 220)
   defining Unicode char U+00DD (decimal 221)
   defining Unicode char U+00DE (decimal 222)
   defining Unicode char U+00DF (decimal 223)
   defining Unicode char U+00E0 (decimal 224)
   defining Unicode char U+00E1 (decimal 225)
   defining Unicode char U+00E2 (decimal 226)
   defining Unicode char U+00E3 (decimal 227)
   defining Unicode char U+00E4 (decimal 228)
   defining Unicode char U+00E5 (decimal 229)
   defining Unicode char U+00E6 (decimal 230)
   defining Unicode char U+00E7 (decimal 231)
   defining Unicode char U+00E8 (decimal 232)
   defining Unicode char U+00E9 (decimal 233)
   defining Unicode char U+00EA (decimal 234)
   defining Unicode char U+00EB (decimal 235)
   defining Unicode char U+00EC (decimal 236)
   defining Unicode char U+00ED (decimal 237)
   defining Unicode char U+00EE (decimal 238)
   defining Unicode char U+00EF (decimal 239)
   defining Unicode char U+00F0 (decimal 240)
   defining Unicode char U+00F1 (decimal 241)
   defining Unicode char U+00F2 (decimal 242)
   defining Unicode char U+00F3 (decimal 243)
   defining Unicode char U+00F4 (decimal 244)
   defining Unicode char U+00F5 (decimal 245)
   defining Unicode char U+00F6 (decimal 246)
   defining Unicode char U+00F8 (decimal 248)
   defining Unicode char U+00F9 (decimal 249)
   defining Unicode char U+00FA (decimal 250)
   defining Unicode char U+00FB (decimal 251)
   defining Unicode char U+00FC (decimal 252)
   defining Unicode char U+00FD (decimal 253)
   defining Unicode char U+00FE (decimal 254)
   defining Unicode char U+00FF (decimal 255)
   defining Unicode char U+0102 (decimal 258)
   defining Unicode char U+0103 (decimal 259)
   defining Unicode char U+0104 (decimal 260)
   defining Unicode char U+0105 (decimal 261)
   defining Unicode char U+0106 (decimal 262)
   defining Unicode char U+0107 (decimal 263)
   defining Unicode char U+010C (decimal 268)
   defining Unicode char U+010D (decimal 269)
   defining Unicode char U+010E (decimal 270)
   defining Unicode char U+010F (decimal 271)
   defining Unicode char U+0110 (decimal 272)
   defining Unicode char U+0111 (decimal 273)
   defining Unicode char U+0118 (decimal 280)
   defining Unicode char U+0119 (decimal 281)
   defining Unicode char U+011A (decimal 282)
   defining Unicode char U+011B (decimal 283)
   defining Unicode char U+011E (decimal 286)
   defining Unicode char U+011F (decimal 287)
   defining Unicode char U+0130 (decimal 304)
   defining Unicode char U+0131 (decimal 305)
   defining Unicode char U+0132 (decimal 306)
   defining Unicode char U+0133 (decimal 307)
   defining Unicode char U+0139 (decimal 313)
   defining Unicode char U+013A (decimal 314)
   defining Unicode char U+013D (decimal 317)
   defining Unicode char U+013E (decimal 318)
   defining Unicode char U+0141 (decimal 321)
   defining Unicode char U+0142 (decimal 322)
   defining Unicode char U+0143 (decimal 323)
   defining Unicode char U+0144 (decimal 324)
   defining Unicode char U+0147 (decimal 327)
   defining Unicode char U+0148 (decimal 328)
   defining Unicode char U+014A (decimal 330)
   defining Unicode char U+014B (decimal 331)
   defining Unicode char U+0150 (decimal 336)
   defining Unicode char U+0151 (decimal 337)
   defining Unicode char U+0152 (decimal 338)
   defining Unicode char U+0153 (decimal 339)
   defining Unicode char U+0154 (decimal 340)
   defining Unicode char U+0155 (decimal 341)
   defining Unicode char U+0158 (decimal 344)
   defining Unicode char U+0159 (decimal 345)
   defining Unicode char U+015A (decimal 346)
   defining Unicode char U+015B (decimal 347)
   defining Unicode char U+015E (decimal 350)
   defining Unicode char U+015F (decimal 351)
   defining Unicode char U+0160 (decimal 352)
   defining Unicode char U+0161 (decimal 353)
   defining Unicode char U+0162 (decimal 354)
   defining Unicode char U+0163 (decimal 355)
   defining Unicode char U+0164 (decimal 356)
   defining Unicode char U+0165 (decimal 357)
   defining Unicode char U+016E (decimal 366)
   defining Unicode char U+016F (decimal 367)
   defining Unicode char U+0170 (decimal 368)
   defining Unicode char U+0171 (decimal 369)
   defining Unicode char U+0178 (decimal 376)
   defining Unicode char U+0179 (decimal 377)
   defining Unicode char U+017A (decimal 378)
   defining Unicode char U+017B (decimal 379)
   defining Unicode char U+017C (decimal 380)
   defining Unicode char U+017D (decimal 381)
   defining Unicode char U+017E (decimal 382)
   defining Unicode char U+200C (decimal 8204)
   defining Unicode char U+2013 (decimal 8211)
   defining Unicode char U+2014 (decimal 8212)
   defining Unicode char U+2018 (decimal 8216)
   defining Unicode char U+2019 (decimal 8217)
   defining Unicode char U+201A (decimal 8218)
   defining Unicode char U+201C (decimal 8220)
   defining Unicode char U+201D (decimal 8221)
   defining Unicode char U+201E (decimal 8222)
   defining Unicode char U+2030 (decimal 8240)
   defining Unicode char U+2031 (decimal 8241)
   defining Unicode char U+2039 (decimal 8249)
   defining Unicode char U+203A (decimal 8250)
   defining Unicode char U+2423 (decimal 9251)
)
Now handling font encoding OT1 ...
... processing UTF-8 mapping file for font encoding OT1

(/usr/share/texlive/texmf-dist/tex/latex/base/ot1enc.dfu
File: ot1enc.dfu 2008/04/05 v1.1m UTF-8 support for inputenc
   defining Unicode char U+00A1 (decimal 161)
   defining Unicode char U+00A3 (decimal 163)
   defining Unicode char U+00B8 (decimal 184)
   defining Unicode char U+00BF (decimal 191)
   defining Unicode char U+00C5 (decimal 197)
   defining Unicode char U+00C6 (decimal 198)
   defining Unicode char U+00D8 (decimal 216)
   defining Unicode char U+00DF (decimal 223)
   defining Unicode char U+00E6 (decimal 230)
   defining Unicode char U+00EC (decimal 236)
   defining Unicode char U+00ED (decimal 237)
   defining Unicode char U+00EE (decimal 238)
   defining Unicode char U+00EF (decimal 239)
   defining Unicode char U+00F8 (decimal 248)
   defining Unicode char U+0131 (decimal 305)
   defining Unicode char U+0141 (decimal 321)
   defining Unicode char U+0142 (decimal 322)
   defining Unicode char U+0152 (decimal 338)
   defining Unicode char U+0153 (decimal 339)
   defining Unicode char U+2013 (decimal 8211)
   defining Unicode char U+2014 (decimal 8212)
   defining Unicode char U+2018 (decimal 8216)
   defining Unicode char U+2019 (decimal 8217)
   defining Unicode char U+201C (decimal 8220)
   defining Unicode char U+201D (decimal 8221)
)
Now handling font encoding OMS ...
... processing UTF-8 mapping file for font encoding OMS

(/usr/share/texlive/texmf-dist/tex/latex/base/omsenc.dfu
File: omsenc.dfu 2008/04/05 v1.1m UTF-8 support for inputenc
   defining Unicode char U+00A7 (decimal 167)
   defining Unicode char U+00B6 (decimal 182)
   defining Unicode char U+00B7 (decimal 183)
   defining Unicode char U+2020 (decimal 8224)
   defining Unicode char U+2021 (decimal 8225)
   defining Unicode char U+2022 (decimal 8226)
)
Now handling font encoding OMX ...
... no UTF-8 mapping file for font encoding OMX
Now handling font encoding U ...
... no UTF-8 mapping file for font encoding U
   defining Unicode char U+00A9 (decimal 169)
   defining Unicode char U+00AA (decimal 170)
   defining Unicode char U+00AE (decimal 174)
   defining Unicode char U+00BA (decimal 186)
   defining Unicode char U+02C6 (decimal 710)
   defining Unicode char U+02DC (decimal 732)
   defining Unicode char U+200C (decimal 8204)
   defining Unicode char U+2026 (decimal 8230)
   defining Unicode char U+2122 (decimal 8482)
   defining Unicode char U+2423 (decimal 9251)
))
(/usr/share/texmf/tex/latex/lm/lmodern.sty
Package: lmodern 2009/10/30 v1.6 Latin Modern Fonts
LaTeX Font Info:    Overwriting symbol font `operators' in version `normal'
(Font)                  OT1/cmr/m/n --> OT1/lmr/m/n on input line 22.
LaTeX Font Info:    Overwriting symbol font `letters' in version `normal'
(Font)                  OML/cmm/m/it --> OML/lmm/m/it on input line 23.
LaTeX Font Info:    Overwriting symbol font `symbols' in version `normal'
(Font)                  OMS/cmsy/m/n --> OMS/lmsy/m/n on input line 24.
LaTeX Font Info:    Overwriting symbol font `largesymbols' in version `normal'
(Font)                  OMX/cmex/m/n --> OMX/lmex/m/n on input line 25.
LaTeX Font Info:    Overwriting symbol font `operators' in version `bold'
(Font)                  OT1/cmr/bx/n --> OT1/lmr/bx/n on input line 26.
LaTeX Font Info:    Overwriting symbol font `letters' in version `bold'
(Font)                  OML/cmm/b/it --> OML/lmm/b/it on input line 27.
LaTeX Font Info:    Overwriting symbol font `symbols' in version `bold'
(Font)                  OMS/cmsy/b/n --> OMS/lmsy/b/n on input line 28.
LaTeX Font Info:    Overwriting symbol font `largesymbols' in version `bold'
(Font)                  OMX/cmex/m/n --> OMX/lmex/m/n on input line 29.
LaTeX Font Info:    Overwriting math alphabet `\mathbf' in version `normal'
(Font)                  OT1/cmr/bx/n --> OT1/lmr/bx/n on input line 31.
LaTeX Font Info:    Overwriting math alphabet `\mathsf' in version `normal'
(Font)                  OT1/cmss/m/n --> OT1/lmss/m/n on input line 32.
LaTeX Font Info:    Overwriting math alphabet `\mathit' in version `normal'
(Font)                  OT1/cmr/m/it --> OT1/lmr/m/it on input line 33.
LaTeX Font Info:    Overwriting math alphabet `\mathtt' in version `normal'
(Font)                  OT1/cmtt/m/n --> OT1/lmtt/m/n on input line 34.
LaTeX Font Info:    Overwriting math alphabet `\mathbf' in version `bold'
(Font)                  OT1/cmr/bx/n --> OT1/lmr/bx/n on input line 35.
LaTeX Font Info:    Overwriting math alphabet `\mathsf' in version `bold'
(Font)                  OT1/cmss/bx/n --> OT1/lmss/bx/n on input line 36.
LaTeX Font Info:    Overwriting math alphabet `\mathit' in version `bold'
(Font)                  OT1/cmr/bx/it --> OT1/lmr/bx/it on input line 37.
LaTeX Font Info:    Overwriting math alphabet `\mathtt' in version `bold'
(Font)                  OT1/cmtt/m/n --> OT1/lmtt/m/n on input line 38.
)
(/usr/share/texlive/texmf-dist/tex/latex/base/fontenc.sty
Package: fontenc 2005/09/27 v1.99g Standard LaTeX package

(/usr/share/texlive/texmf-dist/tex/latex/base/t1enc.def
File: t1enc.def 2005/09/27 v1.99g Standard LaTeX file
LaTeX Font Info:    Redeclaring font encoding T1 on input line 43.
))
(/usr/share/texlive/texmf-dist/tex/latex/fancyhdr/fancyhdr.sty
\fancy@headwidth=\skip43
\f@ncyO@elh=\skip44
\f@ncyO@erh=\skip45
\f@ncyO@olh=\skip46
\f@ncyO@orh=\skip47
\f@ncyO@elf=\skip48
\f@ncyO@erf=\skip49
\f@ncyO@olf=\skip50
\f@ncyO@orf=\skip51
)
(/usr/share/texlive/texmf-dist/tex/latex/caption/caption.sty
Package: caption 2013/05/02 v3.3-89 Customizing captions (AR)

(/usr/share/texlive/texmf-dist/tex/latex/caption/caption3.sty
Package: caption3 2013/05/02 v1.6-88 caption3 kernel (AR)
Package caption3 Info: TeX engine: e-TeX on input line 57.

(/usr/share/texlive/texmf-dist/tex/latex/graphics/keyval.sty
Package: keyval 1999/03/16 v1.13 key=value parser (DPC)
\KV@toks@=\toks16
)
\captionmargin=\dimen103
\captionmargin@=\dimen104
\captionwidth=\dimen105
\caption@tempdima=\dimen106
\caption@indent=\dimen107
\caption@parindent=\dimen108
\caption@hangindent=\dimen109
)
\c@ContinuedFloat=\count88
)
(/usr/share/texlive/texmf-dist/tex/latex/graphics/graphicx.sty
Package: graphicx 1999/02/16 v1.0f Enhanced LaTeX Graphics (DPC,SPQR)

(/usr/share/texlive/texmf-dist/tex/latex/graphics/graphics.sty
Package: graphics 2009/02/05 v1.0o Standard LaTeX Graphics (DPC,SPQR)

(/usr/share/texlive/texmf-dist/tex/latex/graphics/trig.sty
Package: trig 1999/03/16 v1.09 sin cos tan (DPC)
)
(/usr/share/texlive/texmf-dist/tex/latex/latexconfig/graphics.cfg
File: graphics.cfg 2010/04/23 v1.9 graphics configuration of TeX Live
)
Package graphics Info: Driver file: pdftex.def on input line 91.

(/usr/share/texlive/texmf-dist/tex/latex/pdftex-def/pdftex.def
File: pdftex.def 2011/05/27 v0.06d Graphics/color for pdfTeX

(/usr/share/texlive/texmf-dist/tex/generic/oberdiek/infwarerr.sty
Package: infwarerr 2010/04/08 v1.3 Providing info/warning/error messages (HO)
)
(/usr/share/texlive/texmf-dist/tex/generic/oberdiek/ltxcmds.sty
Package: ltxcmds 2011/11/09 v1.22 LaTeX kernel commands for general use (HO)
)
\Gread@gobject=\count89
))
\Gin@req@height=\dimen110
\Gin@req@width=\dimen111
)
(/usr/share/texlive/texmf-dist/tex/latex/graphics/epsfig.sty
Package: epsfig 1999/02/16 v1.7a (e)psfig emulation (SPQR)
\epsfxsize=\dimen112
\epsfysize=\dimen113
)
(/usr/share/texlive/texmf-dist/tex/latex/oberdiek/epstopdf.sty
Package: epstopdf 2010/02/09 v2.5 Conversion with epstopdf on the fly (HO)

(/usr/share/texlive/texmf-dist/tex/latex/oberdiek/epstopdf-base.sty
Package: epstopdf-base 2010/02/09 v2.5 Base part for package epstopdf

(/usr/share/texlive/texmf-dist/tex/latex/oberdiek/grfext.sty
Package: grfext 2010/08/19 v1.1 Manage graphics extensions (HO)

(/usr/share/texlive/texmf-dist/tex/generic/oberdiek/kvdefinekeys.sty
Package: kvdefinekeys 2011/04/07 v1.3 Define keys (HO)
))
(/usr/share/texlive/texmf-dist/tex/latex/oberdiek/kvoptions.sty
Package: kvoptions 2011/06/30 v3.11 Key value format for package options (HO)

(/usr/share/texlive/texmf-dist/tex/generic/oberdiek/kvsetkeys.sty
Package: kvsetkeys 2012/04/25 v1.16 Key value parser (HO)

(/usr/share/texlive/texmf-dist/tex/generic/oberdiek/etexcmds.sty
Package: etexcmds 2011/02/16 v1.5 Avoid name clashes with e-TeX commands (HO)

(/usr/share/texlive/texmf-dist/tex/generic/oberdiek/ifluatex.sty
Package: ifluatex 2010/03/01 v1.3 Provides the ifluatex switch (HO)
Package ifluatex Info: LuaTeX not detected.
)
Package etexcmds Info: Could not find \expanded.
(etexcmds)             That can mean that you are not using pdfTeX 1.50 or
(etexcmds)             that some package has redefined \expanded.
(etexcmds)             In the latter case, load this package earlier.
)))
(/usr/share/texlive/texmf-dist/tex/generic/oberdiek/pdftexcmds.sty
Package: pdftexcmds 2011/11/29 v0.20 Utility functions of pdfTeX for LuaTeX (HO
)

(/usr/share/texlive/texmf-dist/tex/generic/oberdiek/ifpdf.sty
Package: ifpdf 2011/01/30 v2.3 Provides the ifpdf switch (HO)
Package ifpdf Info: pdfTeX in PDF mode is detected.
)
Package pdftexcmds Info: LuaTeX not detected.
Package pdftexcmds Info: \pdf@primitive is available.
Package pdftexcmds Info: \pdf@ifprimitive is available.
Package pdftexcmds Info: \pdfdraftmode found.
)
Package grfext Info: Graphics extension search list:
(grfext)             [.png,.pdf,.jpg,.mps,.jpeg,.jbig2,.jb2,.PNG,.PDF,.JPG,.JPE
G,.JBIG2,.JB2,.eps]
(grfext)             \AppendGraphicsExtensions on input line 452.

(/usr/share/texlive/texmf-dist/tex/latex/latexconfig/epstopdf-sys.cfg
File: epstopdf-sys.cfg 2010/07/13 v1.3 Configuration of (r)epstopdf for TeX Liv
e
)))
(/usr/share/texlive/texmf-dist/tex/latex/amsmath/amsmath.sty
Package: amsmath 2013/01/14 v2.14 AMS math features
\@mathmargin=\skip52

For additional information on amsmath, use the `?' option.
(/usr/share/texlive/texmf-dist/tex/latex/amsmath/amstext.sty
Package: amstext 2000/06/29 v2.01

(/usr/share/texlive/texmf-dist/tex/latex/amsmath/amsgen.sty
File: amsgen.sty 1999/11/30 v2.0
\@emptytoks=\toks17
\ex@=\dimen114
))
(/usr/share/texlive/texmf-dist/tex/latex/amsmath/amsbsy.sty
Package: amsbsy 1999/11/29 v1.2d
\pmbraise@=\dimen115
)
(/usr/share/texlive/texmf-dist/tex/latex/amsmath/amsopn.sty
Package: amsopn 1999/12/14 v2.01 operator names
)
\inf@bad=\count90
LaTeX Info: Redefining \frac on input line 210.
\uproot@=\count91
\leftroot@=\count92
LaTeX Info: Redefining \overline on input line 306.
\classnum@=\count93
\DOTSCASE@=\count94
LaTeX Info: Redefining \ldots on input line 378.
LaTeX Info: Redefining \dots on input line 381.
LaTeX Info: Redefining \cdots on input line 466.
\Mathstrutbox@=\box26
\strutbox@=\box27
\big@size=\dimen116
LaTeX Font Info:    Redeclaring font encoding OML on input line 566.
LaTeX Font Info:    Redeclaring font encoding OMS on input line 567.
\macc@depth=\count95
\c@MaxMatrixCols=\count96
\dotsspace@=\muskip10
\c@parentequation=\count97
\dspbrk@lvl=\count98
\tag@help=\toks18
\row@=\count99
\column@=\count100
\maxfields@=\count101
\andhelp@=\toks19
\eqnshift@=\dimen117
\alignsep@=\dimen118
\tagshift@=\dimen119
\tagwidth@=\dimen120
\totwidth@=\dimen121
\lineht@=\dimen122
\@envbody=\toks20
\multlinegap=\skip53
\multlinetaggap=\skip54
\mathdisplay@stack=\toks21
LaTeX Info: Redefining \[ on input line 2665.
LaTeX Info: Redefining \] on input line 2666.
)
(/usr/share/texlive/texmf-dist/tex/latex/multirow/multirow.sty
\bigstrutjot=\dimen123
)
(/usr/share/texlive/texmf-dist/tex/latex/graphics/color.sty
Package: color 2005/11/14 v1.0j Standard LaTeX Color (DPC)

(/usr/share/texlive/texmf-dist/tex/latex/latexconfig/color.cfg
File: color.cfg 2007/01/18 v1.5 color configuration of teTeX/TeXLive
)
Package color Info: Driver file: pdftex.def on input line 130.
)
(/usr/share/texlive/texmf-dist/tex/latex/url/url.sty
\Urlmuskip=\muskip11
Package: url 2013/09/16  ver 3.4  Verb mode for urls, etc.
)
(/usr/share/texlive/texmf-dist/tex/latex/base/makeidx.sty
Package: makeidx 2000/03/29 v1.0m Standard LaTeX package
)
(/usr/share/texlive/texmf-dist/tex/latex/eurosym/eurosym.sty
Package: eurosym 1998/08/06 v1.1 European currency symbol ``Euro''
\@eurobox=\box28
)
(/usr/share/texlive/texmf-dist/tex/latex/textgreek/textgreek.sty
Package: textgreek 2011/10/09 v0.7 Greek symbols in text


! Package textgreek Error: Cannot find the file lgrenc.def.

See the textgreek package documentation for explanation.
Type  H <return>  for immediate help.
 ...                                              
                                                  
l.39 .... Maybe it comes with the babel package.}}
                                                  
lgrenc.def is a file that contains the definitions for the Greek font encoding 
LGR. Maybe it comes with the babel package.

Package textgreek Info: Loaded fontmap: {phv/*/*}{U/psy/*/*} {*/bx/n}{U/eur/b/n
} {*/b/n}{U/eur/b/n} {*/*/n}{U/eur/m/n} {*/*/it}{OML/*/*/*}. on input line 69.
) (/usr/share/texlive/texmf-dist/tex/latex/listings/listings.sty
\lst@mode=\count102
\lst@gtempboxa=\box29
\lst@token=\toks22
\lst@length=\count103
\lst@currlwidth=\dimen124
\lst@column=\count104
\lst@pos=\count105
\lst@lostspace=\dimen125
\lst@width=\dimen126
\lst@newlines=\count106
\lst@lineno=\count107
\lst@maxwidth=\dimen127

(/usr/share/texlive/texmf-dist/tex/latex/listings/lstmisc.sty
File: lstmisc.sty 2013/08/26 1.5b (Carsten Heinz)
\c@lstnumber=\count108
\lst@skipnumbers=\count109
\lst@framebox=\box30
)
(/usr/share/texlive/texmf-dist/tex/latex/listings/listings.cfg
File: listings.cfg 2013/08/26 1.5b listings configuration
))
Package: listings 2013/08/26 1.5b (Carsten Heinz)

(/usr/share/texlive/texmf-dist/tex/generic/ulem/ulem.sty
\UL@box=\box31
\UL@hyphenbox=\box32
\UL@skip=\skip55
\UL@hook=\toks23
\UL@height=\dimen128
\UL@pe=\count110
\UL@pixel=\dimen129
\ULC@box=\box33
Package: ulem 2012/05/18
\ULdepth=\dimen130
)
(/usr/share/texlive/texmf-dist/tex/latex/tools/array.sty
Package: array 2008/09/09 v2.4c Tabular extension package (FMi)
\col@sep=\dimen131
\extrarowheight=\dimen132
\NC@list=\toks24
\extratabsurround=\skip56
\backup@length=\skip57
)
(/usr/share/texlive/texmf-dist/tex/latex/float/float.sty
Package: float 2001/11/08 v1.3d Float enhancements (AL)
\c@float@type=\count111
\float@exts=\toks25
\float@box=\box34
\@float@everytoks=\toks26
\@floatcapt=\box35
) (./tcp.aux)
\openout1 = `tcp.aux'.

LaTeX Font Info:    Checking defaults for OML/cmm/m/it on input line 26.
LaTeX Font Info:    ... okay on input line 26.
LaTeX Font Info:    Checking defaults for T1/cmr/m/n on input line 26.
LaTeX Font Info:    ... okay on input line 26.
LaTeX Font Info:    Checking defaults for OT1/cmr/m/n on input line 26.
LaTeX Font Info:    ... okay on input line 26.
LaTeX Font Info:    Checking defaults for OMS/cmsy/m/n on input line 26.
LaTeX Font Info:    ... okay on input line 26.
LaTeX Font Info:    Checking defaults for OMX/cmex/m/n on input line 26.
LaTeX Font Info:    ... okay on input line 26.
LaTeX Font Info:    Checking defaults for U/cmr/m/n on input line 26.
LaTeX Font Info:    ... okay on input line 26.
LaTeX Font Info:    Try loading font information for T1+lmr on input line 26.

(/usr/share/texmf/tex/latex/lm/t1lmr.fd
File: t1lmr.fd 2009/10/30 v1.6 Font defs for Latin Modern
)
Package caption Info: Begin \AtBeginDocument code.
Package caption Info: float package is loaded.
Package caption Info: listings package is loaded.
Package caption Info: End \AtBeginDocument code.

(/usr/share/texlive/texmf-dist/tex/context/base/supp-pdf.mkii
[Loading MPS to PDF converter (version 2006.09.02).]
\scratchcounter=\count112
\scratchdimen=\dimen133
\scratchbox=\box36
\nofMPsegments=\count113
\nofMParguments=\count114
\everyMPshowfont=\toks27
\MPscratchCnt=\count115
\MPscratchDim=\dimen134
\MPnumerator=\count116
\makeMPintoPDFobject=\count117
\everyMPtoPDFconversion=\toks28
)
\c@lstlisting=\count118

Chapter 1.
! Undefined control sequence.
l.28 \chapterauthor
                   {Matev≈æ Ogrinc, Robert Modic, Andreja Kovaƒçiƒç}
The control sequence at the end of the top line
of your error message was never \def'ed. If you have
misspelled it (e.g., `\hobx'), type `I' and the correct
spelling (e.g., `I\hbox'). Otherwise just continue,
and I'll forget about whatever was undefined.

LaTeX Font Info:    Try loading font information for OMS+lmr on input line 38.
(/usr/share/texmf/tex/latex/lm/omslmr.fd
File: omslmr.fd 2009/10/30 v1.6 Font defs for Latin Modern
)
LaTeX Font Info:    Try loading font information for OMS+lmsy on input line 38.


(/usr/share/texmf/tex/latex/lm/omslmsy.fd
File: omslmsy.fd 2009/10/30 v1.6 Font defs for Latin Modern
)
LaTeX Font Info:    Font shape `OMS/lmr/m/n' in size <10.95> not available
(Font)              Font shape `OMS/lmsy/m/n' tried instead on input line 38.
 [1


{/var/lib/texmf/fonts/map/pdftex/updmap/pdftex.map}] <Multicast.png, id=10, 423
.83344pt x 268.00125pt>
File: Multicast.png Graphic file (type png)

<use Multicast.png>
Package pdftex.def Info: Multicast.png used on input line 58.
(pdftex.def)             Requested size: 360.0pt x 227.64673pt.
 [2]
Underfull \vbox (badness 10000) has occurred while \output is active []

 [3 <./Multicast.png>]
Overfull \hbox (9.31923pt too wide) in paragraph at lines 67--68
\T1/lmr/m/n/10.95 vanega glavnega us-mer-je-val-nika v na≤em primer je to us-me
r-je-val-nik2 (router2),
 []

<FlatNet.png, id=22, 277.035pt x 235.63031pt>
File: FlatNet.png Graphic file (type png)
 <use FlatNet.png>
Package pdftex.def Info: FlatNet.png used on input line 80.
(pdftex.def)             Requested size: 277.03432pt x 235.62973pt.


LaTeX Warning: `h' float specifier changed to `ht'.

<BulkTransfer.png, id=23, 292.09125pt x 249.18094pt>
File: BulkTransfer.png Graphic file (type png)
 <use BulkTransfer.png>
Package pdftex.def Info: BulkTransfer.png used on input line 98.
(pdftex.def)             Requested size: 360.0pt x 307.14088pt.

Overfull \hbox (4.24033pt too wide) in paragraph at lines 95--102
\T1/lmr/m/n/10.95 stre∫nikom preko us-mer-je-val-nika, eden je pa povezan di-re
k-tno, kot je razvidno
 []

[4]

LaTeX Warning: `h' float specifier changed to `ht'.

[5 <./FlatNet.png>] <omrHrbet.png, id=31, 588.1975pt x 412.54124pt>
File: omrHrbet.png Graphic file (type png)

<use omrHrbet.png>
Package pdftex.def Info: omrHrbet.png used on input line 120.
(pdftex.def)             Requested size: 360.0pt x 252.4933pt.


LaTeX Warning: `h' float specifier changed to `ht'.

<server_client.png, id=32, 560.0925pt x 274.02374pt>
File: server_client.png Graphic file (type png)
 <use server_client.png>
Package pdftex.def Info: server_client.png used on input line 133.
(pdftex.def)             Requested size: 360.0pt x 176.13557pt.


LaTeX Warning: `h' float specifier changed to `ht'.


Underfull \vbox (badness 10000) has occurred while \output is active []

 [6 <./BulkTransfer.png>]
File: server_client.png Graphic file (type png)
 <use server_client.png>
Package pdftex.def Info: server_client.png used on input line 146.
(pdftex.def)             Requested size: 360.0pt x 176.13557pt.


LaTeX Warning: `h' float specifier changed to `ht'.


Underfull \vbox (badness 1831) has occurred while \output is active []

 [7 <./omrHrbet.png>] [8 <./server_client.png>]
Overfull \hbox (2.90253pt too wide) in paragraph at lines 185--186
\T1/lmr/m/n/10.95 £akalne vrste na 10 pake-tov tako nismo dosegli nikakr≤nega u
£inka, nasprotno
 []

<lRtt1.png, id=45, 1125.20375pt x 256.96pt>
File: lRtt1.png Graphic file (type png)
 <use lRtt1.png>
Package pdftex.def Info: lRtt1.png used on input line 189.
(pdftex.def)             Requested size: 360.0pt x 82.21318pt.

Underfull \vbox (badness 10000) has occurred while \output is active []

 [9 <./lRtt1.png>] <aRtt1.png, id=49, 1123.19624pt x 259.97125pt>
File: aRtt1.png Graphic file (type png)
 <use aRtt1.png>
Package pdftex.def Info: aRtt1.png used on input line 198.
(pdftex.def)             Requested size: 360.0pt x 83.3234pt.

<hRtt1.png, id=50, 1130.2225pt x 249.93375pt>
File: hRtt1.png Graphic file (type png)
 <use hRtt1.png>
Package pdftex.def Info: hRtt1.png used on input line 207.
(pdftex.def)             Requested size: 360.0pt x 79.60669pt.

<hPL1.png, id=51, 1147.28625pt x 243.91125pt>
File: hPL1.png Graphic file (type png)
 <use hPL1.png>
Package pdftex.def Info: hPL1.png used on input line 214.
(pdftex.def)             Requested size: 360.0pt x 76.5347pt.

Underfull \vbox (badness 10000) has occurred while \output is active []

 [10 <./aRtt1.png> <./hRtt1.png> <./hPL1.png>]
<lRtt2.png, id=55, 1130.2225pt x 259.97125pt>
File: lRtt2.png Graphic file (type png)
 <use lRtt2.png>
Package pdftex.def Info: lRtt2.png used on input line 228.
(pdftex.def)             Requested size: 360.0pt x 82.80374pt.

<aRtt2.png, id=56, 1142.2675pt x 258.9675pt>
File: aRtt2.png Graphic file (type png)
 <use aRtt2.png>
Package pdftex.def Info: aRtt2.png used on input line 236.
(pdftex.def)             Requested size: 360.0pt x 81.6147pt.

Underfull \vbox (badness 10000) has occurred while \output is active []

 [11 <./lRtt2.png> <./aRtt2.png>]
Overfull \hbox (4.50983pt too wide) in paragraph at lines 243--244
[]\T1/lmr/m/n/10.95 Nadpovpre£na obre-menitev s 750 kli-enti tudi ob po-mo£i hr
btenice izgublja
 []

<hRtt2.png, id=60, 1153.30875pt x 254.9525pt>
File: hRtt2.png Graphic file (type png)
 <use hRtt2.png>
Package pdftex.def Info: hRtt2.png used on input line 247.
(pdftex.def)             Requested size: 360.0pt x 79.58298pt.

<hLoss2.png, id=61, 1149.29375pt x 247.92625pt>
File: hLoss2.png Graphic file (type png)
 <use hLoss2.png>
Package pdftex.def Info: hLoss2.png used on input line 254.
(pdftex.def)             Requested size: 360.0pt x 77.65834pt.

Underfull \hbox (badness 1314) in paragraph at lines 255--255
[][]|\T1/lmr/m/n/9 Dele∫ izgubljenih pake-tov v nad-povpre£no obre-men-jenem om
-re∫ju s
 []

<casObremenitevTip.png, id=62, 572.1375pt x 326.21875pt>
File: casObremenitevTip.png Graphic file (type png)

<use casObremenitevTip.png>
Package pdftex.def Info: casObremenitevTip.png used on input line 264.
(pdftex.def)             Requested size: 360.0pt x 205.26503pt.


LaTeX Warning: `h' float specifier changed to `ht'.

<rttPovezaveObr.png, id=63, 577.15625pt x 336.25626pt>
File: rttPovezaveObr.png Graphic file (type png)

<use rttPovezaveObr.png>
Package pdftex.def Info: rttPovezaveObr.png used on input line 271.
(pdftex.def)             Requested size: 360.0pt x 209.74918pt.

Underfull \vbox (badness 10000) has occurred while \output is active []

 [12 <./hRtt2.png> <./hLoss2.png>]
LaTeX Font Info:    Try loading font information for OT1+lmr on input line 279.

 (/usr/share/texmf/tex/latex/lm/ot1lmr.fd
File: ot1lmr.fd 2009/10/30 v1.6 Font defs for Latin Modern
)
LaTeX Font Info:    Try loading font information for OML+lmm on input line 279.


(/usr/share/texmf/tex/latex/lm/omllmm.fd
File: omllmm.fd 2009/10/30 v1.6 Font defs for Latin Modern
)
LaTeX Font Info:    Try loading font information for OMX+lmex on input line 279
.

(/usr/share/texmf/tex/latex/lm/omxlmex.fd
File: omxlmex.fd 2009/10/30 v1.6 Font defs for Latin Modern
)
LaTeX Font Info:    External font `lmex10' loaded for size
(Font)              <10.95> on input line 279.
LaTeX Font Info:    External font `lmex10' loaded for size
(Font)              <8> on input line 279.
LaTeX Font Info:    External font `lmex10' loaded for size
(Font)              <6> on input line 279.

Overfull \hbox (3.9765pt too wide) in paragraph at lines 283--283
[]|\T1/lmr/m/n/10.95 Frekvenca/interval
 []


Underfull \hbox (badness 10000) in paragraph at lines 283--283
\T1/lmr/m/n/10.95 po≤il-janja pake-
 []


Underfull \hbox (badness 10000) in paragraph at lines 283--284
[]|\T1/lmr/m/n/10.95 Dol∫ina £akalne
 []


Underfull \hbox (badness 10000) in paragraph at lines 285--285
[]|\T1/lmr/m/n/10.95 simulacija 1
 []


Underfull \hbox (badness 10000) in paragraph at lines 286--286
[]|\T1/lmr/m/n/10.95 simulacija 2
 []


Underfull \hbox (badness 10000) in paragraph at lines 287--287
[]|\T1/lmr/m/n/10.95 simulacija 3
 []


Underfull \hbox (badness 10000) in paragraph at lines 288--288
[]|\T1/lmr/m/n/10.95 simulacija 4
 []


Underfull \hbox (badness 10000) in paragraph at lines 289--289
[]|\T1/lmr/m/n/10.95 simulacija 5
 []


Underfull \hbox (badness 10000) in paragraph at lines 290--290
[]|\T1/lmr/m/n/10.95 simulacija 6
 []


Underfull \hbox (badness 10000) in paragraph at lines 291--291
[]|\T1/lmr/m/n/10.95 simulacija 7
 []


Underfull \hbox (badness 10000) in paragraph at lines 292--292
[]|\T1/lmr/m/n/10.95 simulacija 8
 []


Underfull \hbox (badness 10000) in paragraph at lines 293--293
[]|\T1/lmr/m/n/10.95 simulacija 9
 []


Underfull \hbox (badness 10000) in paragraph at lines 294--294
[]|\T1/lmr/m/n/10.95 simulacija 10
 []


Underfull \hbox (badness 10000) in paragraph at lines 295--295
[]|\T1/lmr/m/n/10.95 simulacija 11
 []


Underfull \hbox (badness 10000) in paragraph at lines 296--296
[]|\T1/lmr/m/n/10.95 simulacija 12
 []


Underfull \vbox (badness 10000) has occurred while \output is active []

 [13 <./casObremenitevTip.png> <./rttPovezaveObr.png>]
Overfull \hbox (12.25252pt too wide) in paragraph at lines 300--304
[]\T1/lmr/bx/n/12 Podpovpre£na obre-menitev \T1/lmr/m/n/10.95 Za sim-u-lacijo p
od-povpre£ne obre-menitve
 []


Overfull \hbox (12.78966pt too wide) in paragraph at lines 309--312
[]\T1/lmr/bx/n/12 Nadpovpre£na obre-menitev \T1/lmr/m/n/10.95 Za sim-u-lacijo n
ad-povpre£ne obre-menitve
 []


Underfull \vbox (badness 10000) has occurred while \output is active []

 [14]
<TCP_cas_vrsta_obremenitev.png, id=74, 580.41844pt x 410.2828pt>
File: TCP_cas_vrsta_obremenitev.png Graphic file (type png)

<use TCP_cas_vrsta_obremenitev.png>
Package pdftex.def Info: TCP_cas_vrsta_obremenitev.png used on input line 321.
(pdftex.def)             Requested size: 360.0pt x 254.47913pt.

<TCP_RTT_VRSTA_OBREMENITEV.png, id=75, 526.96875pt x 274.02374pt>
File: TCP_RTT_VRSTA_OBREMENITEV.png Graphic file (type png)

<use TCP_RTT_VRSTA_OBREMENITEV.png>
Package pdftex.def Info: TCP_RTT_VRSTA_OBREMENITEV.png used on input line 329.
(pdftex.def)             Requested size: 360.0pt x 187.20755pt.


LaTeX Warning: `h' float specifier changed to `ht'.

<IZGUBE_PAKETOV_VRSTA_OBREMENITEV.png, id=76, 544.28343pt x 327.47343pt>
File: IZGUBE_PAKETOV_VRSTA_OBREMENITEV.png Graphic file (type png)

<use IZGUBE_PAKETOV_VRSTA_OBREMENITEV.png>
Package pdftex.def Info: IZGUBE_PAKETOV_VRSTA_OBREMENITEV.png used on input lin
e 336.
(pdftex.def)             Requested size: 360.0pt x 216.59784pt.


LaTeX Warning: `h' float specifier changed to `ht'.

<TCP_RTT_obremenitev_omrezja.png, id=77, 594.72188pt x 328.22626pt>
File: TCP_RTT_obremenitev_omrezja.png Graphic file (type png)

<use TCP_RTT_obremenitev_omrezja.png>
Package pdftex.def Info: TCP_RTT_obremenitev_omrezja.png used on input line 343
.
(pdftex.def)             Requested size: 360.0pt x 198.68016pt.


LaTeX Warning: `h' float specifier changed to `ht'.

<UDP_cas_cakanja_obremenitev.png, id=78, 553.31718pt x 357.58594pt>
File: UDP_cas_cakanja_obremenitev.png Graphic file (type png)

<use UDP_cas_cakanja_obremenitev.png>
Package pdftex.def Info: UDP_cas_cakanja_obremenitev.png used on input line 350
.
(pdftex.def)             Requested size: 360.0pt x 232.65181pt.


LaTeX Warning: `h' float specifier changed to `ht'.

<UDP_izgubljeni_paketi_obremenitev.png, id=79, 522.45187pt x 327.47343pt>
File: UDP_izgubljeni_paketi_obremenitev.png Graphic file (type png)

<use UDP_izgubljeni_paketi_obremenitev.png>
Package pdftex.def Info: UDP_izgubljeni_paketi_obremenitev.png used on input li
ne 357.
(pdftex.def)             Requested size: 360.0pt x 225.6521pt.


LaTeX Warning: `h' float specifier changed to `ht'.

[15 <./TCP_cas_vrsta_obremenitev.png>] [16 <./TCP_RTT_VRSTA_OBREMENITEV.png> <.
/IZGUBE_PAKETOV_VRSTA_OBREMENITEV.png>] [17 <./TCP_RTT_obremenitev_omrezja.png>
 <./UDP_cas_cakanja_obremenitev.png>] [18 <./UDP_izgubljeni_paketi_obremenitev.
png>] (./tcp.aux)

LaTeX Warning: Label(s) may have changed. Rerun to get cross-references right.

 ) 
Here is how much of TeX's memory you used:
 5917 strings out of 495028
 84253 string characters out of 6181496
 138846 words of memory out of 5000000
 8979 multiletter control sequences out of 15000+600000
 53112 words of font info for 39 fonts, out of 8000000 for 9000
 14 hyphenation exceptions out of 8191
 42i,8n,43p,1243b,367s stack positions out of 5000i,500n,10000p,200000b,80000s
{/usr/share/texmf/fonts/enc/dvips/lm/lm-ec.enc}{/usr/share/texmf/fonts/enc/dv
ips/lm/lm-mathsy.enc}</usr/share/texmf/fonts/type1/public/lm/lmbx12.pfb></usr/s
hare/texmf/fonts/type1/public/lm/lmbx9.pfb></usr/share/texmf/fonts/type1/public
/lm/lmr10.pfb></usr/share/texmf/fonts/type1/public/lm/lmr9.pfb></usr/share/texm
f/fonts/type1/public/lm/lmri10.pfb></usr/share/texmf/fonts/type1/public/lm/lmro
10.pfb></usr/share/texmf/fonts/type1/public/lm/lmsy10.pfb>
Output written on tcp.pdf (18 pages, 442149 bytes).
PDF statistics:
 124 PDF objects out of 1000 (max. 8388607)
 65 compressed objects within 1 object stream
 0 named destinations out of 1000 (max. 500000)
 106 words of extra memory for PDF output out of 10000 (max. 10000000)

